Field: email, Value: j
Field: email, Value: je
Field: email, Value: jea
Field: email, Value: jeah
Field: email, Value: jeah@
Field: email, Value: jeah@g
Field: email, Value: jeah@ga
Field: email, Value: jeah@gam
Field: email, Value: jeah@gami
Field: email, Value: jeah@gamil
Field: email, Value: jeah@gamil.
Field: email, Value: jeah@gamil.c
Field: email, Value: jeah@gamil.co
Field: email, Value: jeah@gamil.com
Field: email, Value: jeah@gamil.co
Field: email, Value: jeah@gamil.c
Field: email, Value: jeah@gamil.
Field: email, Value: jeah@gamil
Field: email, Value: jeah@gami
Field: email, Value: jeah@gam
Field: email, Value: jeah@ga
Field: email, Value: jeah@g
Field: email, Value: jeah@gm
Field: email, Value: jeah@gma
Field: email, Value: jeah@gmai
Field: email, Value: jeah@gmail
Field: email, Value: jeah@gmail.
Field: email, Value: jeah@gmail.c
Field: email, Value: jeah@gmail.co
Field: email, Value: jeah@gmail.com
Field: email, Value: jeah@gmail.co
Field: email, Value: jeah@gmail.c
Field: email, Value: jeah@gmail.
Field: email, Value: jeah@gmail
Field: email, Value: jeah@gmai
Field: email, Value: jeah@gma
Field: email, Value: jeah@gm
Field: email, Value: jeah@g
Field: email, Value: jeah@
Field: email, Value: jeah
Field: email, Value: jea
Field: email, Value: je
Field: email, Value: j
Field: email, Value: 
